<?xml version="1.0" encoding="UTF-8"?>
<!-- Generated by org.testng.reporters.JUnitReportReporter -->
<testsuite hostname="DESKTOP-TIC5DM4" failures="0" tests="8" name="TestRunners.TestRunner" time="11.117" errors="0" timestamp="2024-09-06T13:38:01 IST" skipped="0">
  <testcase classname="TestRunners.TestRunner" name="runScenario" time="0.247"/>
  <system-out/>
  <testcase classname="TestRunners.TestRunner" name="runScenario" time="0.337"/>
  <system-out/>
  <testcase classname="TestRunners.TestRunner" name="runScenario" time="9.190"/>
  <system-out/>
  <testcase classname="TestRunners.TestRunner" name="runScenario" time="0.271"/>
  <system-out/>
  <testcase classname="TestRunners.TestRunner" name="runScenario" time="0.426"/>
  <system-out/>
  <testcase classname="TestRunners.TestRunner" name="runScenario" time="0.217"/>
  <system-out/>
  <testcase classname="TestRunners.TestRunner" name="runScenario" time="0.273"/>
  <system-out/>
  <testcase classname="TestRunners.TestRunner" name="runScenario" time="0.156"/>
  <system-out/>
</testsuite> <!-- TestRunners.TestRunner -->
