<?xml version="1.0" encoding="UTF-8"?>
<!-- Generated by org.testng.reporters.JUnitReportReporter -->
<testsuite hostname="DESKTOP-TIC5DM4" failures="0" tests="8" name="runners.TestRunner" time="10.454" errors="0" timestamp="2024-09-06T13:01:25 IST" skipped="0">
  <testcase classname="runners.TestRunner" name="runScenario" time="0.356"/>
  <system-out/>
  <testcase classname="runners.TestRunner" name="runScenario" time="0.160"/>
  <system-out/>
  <testcase classname="runners.TestRunner" name="runScenario" time="0.220"/>
  <system-out/>
  <testcase classname="runners.TestRunner" name="runScenario" time="0.316"/>
  <system-out/>
  <testcase classname="runners.TestRunner" name="runScenario" time="0.385"/>
  <system-out/>
  <testcase classname="runners.TestRunner" name="runScenario" time="0.263"/>
  <system-out/>
  <testcase classname="runners.TestRunner" name="runScenario" time="0.267"/>
  <system-out/>
  <testcase classname="runners.TestRunner" name="runScenario" time="8.487"/>
  <system-out/>
</testsuite> <!-- runners.TestRunner -->
